Base path: C:/Program Files (x86)/Unity/Editor/Data
Pipe name: \\.\pipe\UnityShaderCompiler-1-4744
Cmd: getPlatforms
Cmd: preprocess
  insize=715 outsize=1341 ok=1
Cmd: compileSnippet
  api=4 type=0 insize=5069 outsize=3240 kw=DIRECTIONAL SHADOWS_OFF LIGHTMAP_OFF DIRLIGHTMAP_OFF ok=1
Cmd: compileSnippet
  api=4 type=1 insize=5069 outsize=2412 kw=DIRECTIONAL SHADOWS_OFF LIGHTMAP_OFF DIRLIGHTMAP_OFF ok=1
Cmd: compileSnippet
  api=4 type=0 insize=2604 outsize=3200 kw=POINT ok=1
Cmd: compileSnippet
  api=4 type=1 insize=2604 outsize=2688 kw=POINT ok=1
Cmd: compileSnippet
  api=4 type=0 insize=1908 outsize=1477 kw= ok=1
Cmd: compileSnippet
  api=4 type=1 insize=1908 outsize=673 kw= ok=1
Cmd: compileSnippet
  api=4 type=0 insize=4449 outsize=3029 kw=LIGHTMAP_OFF DIRLIGHTMAP_OFF HDR_LIGHT_PREPASS_OFF ok=1
Cmd: compileSnippet
  api=4 type=1 insize=4449 outsize=1632 kw=LIGHTMAP_OFF DIRLIGHTMAP_OFF HDR_LIGHT_PREPASS_OFF ok=1
Cmd: compileSnippet
  api=4 type=0 insize=2604 outsize=2485 kw=DIRECTIONAL ok=1
Cmd: compileSnippet
  api=4 type=1 insize=2604 outsize=2249 kw=DIRECTIONAL ok=1
Cmd: compileSnippet
  api=4 type=0 insize=5069 outsize=3598 kw=DIRECTIONAL SHADOWS_SCREEN LIGHTMAP_OFF DIRLIGHTMAP_OFF ok=1
Cmd: compileSnippet
  api=4 type=1 insize=5069 outsize=2720 kw=DIRECTIONAL SHADOWS_SCREEN LIGHTMAP_OFF DIRLIGHTMAP_OFF ok=1
Cmd: compileSnippet
  api=4 type=0 insize=5069 outsize=4654 kw=DIRECTIONAL SHADOWS_OFF LIGHTMAP_OFF DIRLIGHTMAP_OFF VERTEXLIGHT_ON ok=1
